<?xml version='1.0'?>
<ns2:test-suite xmlns:ns2='urn:model.allure.qatools.yandex.ru' start='1583138707269' stop='1583138713321'>
    <name>API Testing</name>
    <title>API Testing</title>
    <test-cases>
        <test-case start='1583138707270' status='failed' stop='1583138709838'>
            <name>API:GET CALL @smoke</name>
            <title>API:GET CALL @smoke</title>
            <labels/>
            <parameters/>
            <steps/>
            <attachments>
                <attachment title='Screenshot' source='baaab5c6-afdc-4538-aac9-8309c5780216-attachment.png' type='image/png' size='3249'/>
            </attachments>
            <failure>
                <message>Expected 200 to equal 201.</message>
                <stack-trace>Error: Failed expectation
                    at UserContext.&lt;anonymous> (D:\Mars_VoyagerAPI\TestSuites\sampleTestCase.spec.js:61:37)
                    at processTicksAndRejections (internal/process/task_queues.js:97:5)</stack-trace>
            </failure>
        </test-case>
        <test-case start='1583138709838' status='failed' stop='1583138712316'>
            <name>API:POST CALL @smoke</name>
            <title>API:POST CALL @smoke</title>
            <labels/>
            <parameters/>
            <steps/>
            <attachments>
                <attachment title='Screenshot' source='835b826c-a19c-4dc7-8d7f-0904dbab0092-attachment.png' type='image/png' size='3249'/>
            </attachments>
            <failure>
                <message>Expected 'VCA-OU-161' to equal 'VCA-OU-71'.</message>
                <stack-trace>Error: Failed expectation
                    at UserContext.&lt;anonymous> (D:\Mars_VoyagerAPI\TestSuites\sampleTestCase.spec.js:101:37)
                    at processTicksAndRejections (internal/process/task_queues.js:97:5)</stack-trace>
            </failure>
        </test-case>
        <test-case start='1583138712316' status='passed' stop='1583138713320'>
            <name>API:PUT CALL @regression</name>
            <title>API:PUT CALL @regression</title>
            <labels/>
            <parameters/>
            <steps/>
            <attachments>
                <attachment title='Screenshot' source='3618c915-7f16-4c18-b296-6c4da7a9b2d3-attachment.png' type='image/png' size='3249'/>
            </attachments>
        </test-case>
    </test-cases>
</ns2:test-suite>